2024-09-03T09:39:54.637+09:00  INFO 6012 --- [main] example.task1.AppStart                   : Starting AppStart using Java 17.0.11 with PID 6012 (C:\Users\tj-bu-703-06\IdeaProjects\TJ_2024A_SpringPy\build\classes\java\main started by tj-bu-703-06 in C:\Users\tj-bu-703-06\IdeaProjects\TJ_2024A_SpringPy)
2024-09-03T09:39:54.655+09:00  INFO 6012 --- [main] example.task1.AppStart                   : No active profile set, falling back to 1 default profile: "default"
2024-09-03T09:39:56.536+09:00  INFO 6012 --- [main] o.s.b.w.embedded.tomcat.TomcatWebServer  : Tomcat initialized with port 8080 (http)
2024-09-03T09:39:56.554+09:00  INFO 6012 --- [main] o.apache.catalina.core.StandardService   : Starting service [Tomcat]
2024-09-03T09:39:56.556+09:00  INFO 6012 --- [main] o.apache.catalina.core.StandardEngine    : Starting Servlet engine: [Apache Tomcat/10.1.25]
2024-09-03T09:39:56.674+09:00  INFO 6012 --- [main] o.a.c.c.C.[Tomcat].[localhost].[/]       : Initializing Spring embedded WebApplicationContext
2024-09-03T09:39:56.675+09:00  INFO 6012 --- [main] w.s.c.ServletWebServerApplicationContext : Root WebApplicationContext: initialization completed in 1919 ms
2024-09-03T09:39:56.926+09:00  INFO 6012 --- [main] com.zaxxer.hikari.HikariDataSource       : HikariPool-1 - Starting...
2024-09-03T09:39:57.511+09:00  INFO 6012 --- [main] com.zaxxer.hikari.pool.HikariPool        : HikariPool-1 - Added connection com.mysql.cj.jdbc.ConnectionImpl@4de79b7d
2024-09-03T09:39:57.515+09:00  INFO 6012 --- [main] com.zaxxer.hikari.HikariDataSource       : HikariPool-1 - Start completed.
2024-09-03T09:40:00.685+09:00  WARN 6012 --- [main] ion$DefaultTemplateResolverConfiguration : Cannot find template location: classpath:/templates/ (please add some templates, check your Thymeleaf configuration, or set spring.thymeleaf.check-template-location=false)
2024-09-03T09:40:00.861+09:00  INFO 6012 --- [main] o.s.b.w.embedded.tomcat.TomcatWebServer  : Tomcat started on port 8080 (http) with context path ''
2024-09-03T09:40:00.872+09:00  INFO 6012 --- [main] example.task1.AppStart                   : Started AppStart in 6.777 seconds (process running for 8.911)
2024-09-03T09:40:36.966+09:00  INFO 6012 --- [http-nio-8080-exec-1] o.a.c.c.C.[Tomcat].[localhost].[/]       : Initializing Spring DispatcherServlet 'dispatcherServlet'
2024-09-03T09:40:52.296+09:00 ERROR 6012 --- [http-nio-8080-exec-5] o.a.c.c.C.[.[.[/].[dispatcherServlet]    : Servlet.service() for servlet [dispatcherServlet] in context with path [] threw exception [Request processing failed: org.springframework.dao.DataIntegrityViolationException: 
### Error updating database.  Cause: java.sql.SQLIntegrityConstraintViolationException: Column 'record_date' cannot be null
### The error may exist in file [C:\Users\tj-bu-703-06\IdeaProjects\TJ_2024A_SpringPy\build\resources\main\mybatis\mappers\accountMapper\accountMapper.xml]
### The error may involve example.task1.AccountDao.add-Inline
### The error occurred while setting parameters
### SQL: insert into account(description, amount, record_date)         values (?, ?, ?)
### Cause: java.sql.SQLIntegrityConstraintViolationException: Column 'record_date' cannot be null
; Column 'record_date' cannot be null] with root cause

java.sql.SQLIntegrityConstraintViolationException: Column 'record_date' cannot be null
	at com.mysql.cj.jdbc.exceptions.SQLError.createSQLException(SQLError.java:118) ~[mysql-connector-j-8.3.0.jar:8.3.0]
	at com.mysql.cj.jdbc.exceptions.SQLExceptionsMapping.translateException(SQLExceptionsMapping.java:122) ~[mysql-connector-j-8.3.0.jar:8.3.0]
	at com.mysql.cj.jdbc.ClientPreparedStatement.executeInternal(ClientPreparedStatement.java:912) ~[mysql-connector-j-8.3.0.jar:8.3.0]
	at com.mysql.cj.jdbc.ClientPreparedStatement.execute(ClientPreparedStatement.java:354) ~[mysql-connector-j-8.3.0.jar:8.3.0]
	at com.zaxxer.hikari.pool.ProxyPreparedStatement.execute(ProxyPreparedStatement.java:44) ~[HikariCP-5.0.1.jar:na]
	at com.zaxxer.hikari.pool.HikariProxyPreparedStatement.execute(HikariProxyPreparedStatement.java) ~[HikariCP-5.0.1.jar:na]
	at org.apache.ibatis.executor.statement.PreparedStatementHandler.update(PreparedStatementHandler.java:48) ~[mybatis-3.5.14.jar:3.5.14]
	at org.apache.ibatis.executor.statement.RoutingStatementHandler.update(RoutingStatementHandler.java:75) ~[mybatis-3.5.14.jar:3.5.14]
	at org.apache.ibatis.executor.SimpleExecutor.doUpdate(SimpleExecutor.java:50) ~[mybatis-3.5.14.jar:3.5.14]
	at org.apache.ibatis.executor.BaseExecutor.update(BaseExecutor.java:117) ~[mybatis-3.5.14.jar:3.5.14]
	at org.apache.ibatis.executor.CachingExecutor.update(CachingExecutor.java:76) ~[mybatis-3.5.14.jar:3.5.14]
	at org.apache.ibatis.session.defaults.DefaultSqlSession.update(DefaultSqlSession.java:197) ~[mybatis-3.5.14.jar:3.5.14]
	at org.apache.ibatis.session.defaults.DefaultSqlSession.insert(DefaultSqlSession.java:184) ~[mybatis-3.5.14.jar:3.5.14]
	at java.base/jdk.internal.reflect.NativeMethodAccessorImpl.invoke0(Native Method) ~[na:na]
	at java.base/jdk.internal.reflect.NativeMethodAccessorImpl.invoke(NativeMethodAccessorImpl.java:77) ~[na:na]
	at java.base/jdk.internal.reflect.DelegatingMethodAccessorImpl.invoke(DelegatingMethodAccessorImpl.java:43) ~[na:na]
	at java.base/java.lang.reflect.Method.invoke(Method.java:568) ~[na:na]
	at org.mybatis.spring.SqlSessionTemplate$SqlSessionInterceptor.invoke(SqlSessionTemplate.java:425) ~[mybatis-spring-3.0.3.jar:3.0.3]
	at jdk.proxy2/jdk.proxy2.$Proxy66.insert(Unknown Source) ~[na:na]
	at org.mybatis.spring.SqlSessionTemplate.insert(SqlSessionTemplate.java:272) ~[mybatis-spring-3.0.3.jar:3.0.3]
	at org.apache.ibatis.binding.MapperMethod.execute(MapperMethod.java:62) ~[mybatis-3.5.14.jar:3.5.14]
	at org.apache.ibatis.binding.MapperProxy$PlainMethodInvoker.invoke(MapperProxy.java:141) ~[mybatis-3.5.14.jar:3.5.14]
	at org.apache.ibatis.binding.MapperProxy.invoke(MapperProxy.java:86) ~[mybatis-3.5.14.jar:3.5.14]
	at jdk.proxy2/jdk.proxy2.$Proxy67.add(Unknown Source) ~[na:na]
	at example.task1.AccountService.add(AccountService.java:18) ~[main/:na]
	at example.task1.AccountController.add(AccountController.java:18) ~[main/:na]
	at java.base/jdk.internal.reflect.NativeMethodAccessorImpl.invoke0(Native Method) ~[na:na]
	at java.base/jdk.internal.reflect.NativeMethodAccessorImpl.invoke(NativeMethodAccessorImpl.java:77) ~[na:na]
	at java.base/jdk.internal.reflect.DelegatingMethodAccessorImpl.invoke(DelegatingMethodAccessorImpl.java:43) ~[na:na]
	at java.base/java.lang.reflect.Method.invoke(Method.java:568) ~[na:na]
	at org.springframework.web.method.support.InvocableHandlerMethod.doInvoke(InvocableHandlerMethod.java:255) ~[spring-web-6.1.10.jar:6.1.10]
	at org.springframework.web.method.support.InvocableHandlerMethod.invokeForRequest(InvocableHandlerMethod.java:188) ~[spring-web-6.1.10.jar:6.1.10]
	at org.springframework.web.servlet.mvc.method.annotation.ServletInvocableHandlerMethod.invokeAndHandle(ServletInvocableHandlerMethod.java:118) ~[spring-webmvc-6.1.10.jar:6.1.10]
	at org.springframework.web.servlet.mvc.method.annotation.RequestMappingHandlerAdapter.invokeHandlerMethod(RequestMappingHandlerAdapter.java:926) ~[spring-webmvc-6.1.10.jar:6.1.10]
	at org.springframework.web.servlet.mvc.method.annotation.RequestMappingHandlerAdapter.handleInternal(RequestMappingHandlerAdapter.java:831) ~[spring-webmvc-6.1.10.jar:6.1.10]
	at org.springframework.web.servlet.mvc.method.AbstractHandlerMethodAdapter.handle(AbstractHandlerMethodAdapter.java:87) ~[spring-webmvc-6.1.10.jar:6.1.10]
	at org.springframework.web.servlet.DispatcherServlet.doDispatch(DispatcherServlet.java:1089) ~[spring-webmvc-6.1.10.jar:6.1.10]
	at org.springframework.web.servlet.DispatcherServlet.doService(DispatcherServlet.java:979) ~[spring-webmvc-6.1.10.jar:6.1.10]
	at org.springframework.web.servlet.FrameworkServlet.processRequest(FrameworkServlet.java:1014) ~[spring-webmvc-6.1.10.jar:6.1.10]
	at org.springframework.web.servlet.FrameworkServlet.doPost(FrameworkServlet.java:914) ~[spring-webmvc-6.1.10.jar:6.1.10]
	at jakarta.servlet.http.HttpServlet.service(HttpServlet.java:590) ~[tomcat-embed-core-10.1.25.jar:6.0]
	at org.springframework.web.servlet.FrameworkServlet.service(FrameworkServlet.java:885) ~[spring-webmvc-6.1.10.jar:6.1.10]
	at jakarta.servlet.http.HttpServlet.service(HttpServlet.java:658) ~[tomcat-embed-core-10.1.25.jar:6.0]
	at org.apache.catalina.core.ApplicationFilterChain.internalDoFilter(ApplicationFilterChain.java:195) ~[tomcat-embed-core-10.1.25.jar:10.1.25]
	at org.apache.catalina.core.ApplicationFilterChain.doFilter(ApplicationFilterChain.java:140) ~[tomcat-embed-core-10.1.25.jar:10.1.25]
	at org.apache.tomcat.websocket.server.WsFilter.doFilter(WsFilter.java:51) ~[tomcat-embed-websocket-10.1.25.jar:10.1.25]
	at org.apache.catalina.core.ApplicationFilterChain.internalDoFilter(ApplicationFilterChain.java:164) ~[tomcat-embed-core-10.1.25.jar:10.1.25]
	at org.apache.catalina.core.ApplicationFilterChain.doFilter(ApplicationFilterChain.java:140) ~[tomcat-embed-core-10.1.25.jar:10.1.25]
	at org.springframework.web.filter.RequestContextFilter.doFilterInternal(RequestContextFilter.java:100) ~[spring-web-6.1.10.jar:6.1.10]
	at org.springframework.web.filter.OncePerRequestFilter.doFilter(OncePerRequestFilter.java:116) ~[spring-web-6.1.10.jar:6.1.10]
	at org.apache.catalina.core.ApplicationFilterChain.internalDoFilter(ApplicationFilterChain.java:164) ~[tomcat-embed-core-10.1.25.jar:10.1.25]
	at org.apache.catalina.core.ApplicationFilterChain.doFilter(ApplicationFilterChain.java:140) ~[tomcat-embed-core-10.1.25.jar:10.1.25]
	at org.springframework.web.filter.FormContentFilter.doFilterInternal(FormContentFilter.java:93) ~[spring-web-6.1.10.jar:6.1.10]
	at org.springframework.web.filter.OncePerRequestFilter.doFilter(OncePerRequestFilter.java:116) ~[spring-web-6.1.10.jar:6.1.10]
	at org.apache.catalina.core.ApplicationFilterChain.internalDoFilter(ApplicationFilterChain.java:164) ~[tomcat-embed-core-10.1.25.jar:10.1.25]
	at org.apache.catalina.core.ApplicationFilterChain.doFilter(ApplicationFilterChain.java:140) ~[tomcat-embed-core-10.1.25.jar:10.1.25]
	at org.springframework.web.filter.CharacterEncodingFilter.doFilterInternal(CharacterEncodingFilter.java:201) ~[spring-web-6.1.10.jar:6.1.10]
	at org.springframework.web.filter.OncePerRequestFilter.doFilter(OncePerRequestFilter.java:116) ~[spring-web-6.1.10.jar:6.1.10]
	at org.apache.catalina.core.ApplicationFilterChain.internalDoFilter(ApplicationFilterChain.java:164) ~[tomcat-embed-core-10.1.25.jar:10.1.25]
	at org.apache.catalina.core.ApplicationFilterChain.doFilter(ApplicationFilterChain.java:140) ~[tomcat-embed-core-10.1.25.jar:10.1.25]
	at org.apache.catalina.core.StandardWrapperValve.invoke(StandardWrapperValve.java:167) ~[tomcat-embed-core-10.1.25.jar:10.1.25]
	at org.apache.catalina.core.StandardContextValve.invoke(StandardContextValve.java:90) ~[tomcat-embed-core-10.1.25.jar:10.1.25]
	at org.apache.catalina.authenticator.AuthenticatorBase.invoke(AuthenticatorBase.java:482) ~[tomcat-embed-core-10.1.25.jar:10.1.25]
	at org.apache.catalina.core.StandardHostValve.invoke(StandardHostValve.java:115) ~[tomcat-embed-core-10.1.25.jar:10.1.25]
	at org.apache.catalina.valves.ErrorReportValve.invoke(ErrorReportValve.java:93) ~[tomcat-embed-core-10.1.25.jar:10.1.25]
	at org.apache.catalina.core.StandardEngineValve.invoke(StandardEngineValve.java:74) ~[tomcat-embed-core-10.1.25.jar:10.1.25]
	at org.apache.catalina.connector.CoyoteAdapter.service(CoyoteAdapter.java:344) ~[tomcat-embed-core-10.1.25.jar:10.1.25]
	at org.apache.coyote.http11.Http11Processor.service(Http11Processor.java:389) ~[tomcat-embed-core-10.1.25.jar:10.1.25]
	at org.apache.coyote.AbstractProcessorLight.process(AbstractProcessorLight.java:63) ~[tomcat-embed-core-10.1.25.jar:10.1.25]
	at org.apache.coyote.AbstractProtocol$ConnectionHandler.process(AbstractProtocol.java:904) ~[tomcat-embed-core-10.1.25.jar:10.1.25]
	at org.apache.tomcat.util.net.NioEndpoint$SocketProcessor.doRun(NioEndpoint.java:1741) ~[tomcat-embed-core-10.1.25.jar:10.1.25]
	at org.apache.tomcat.util.net.SocketProcessorBase.run(SocketProcessorBase.java:52) ~[tomcat-embed-core-10.1.25.jar:10.1.25]
	at org.apache.tomcat.util.threads.ThreadPoolExecutor.runWorker(ThreadPoolExecutor.java:1190) ~[tomcat-embed-core-10.1.25.jar:10.1.25]
	at org.apache.tomcat.util.threads.ThreadPoolExecutor$Worker.run(ThreadPoolExecutor.java:659) ~[tomcat-embed-core-10.1.25.jar:10.1.25]
	at org.apache.tomcat.util.threads.TaskThread$WrappingRunnable.run(TaskThread.java:63) ~[tomcat-embed-core-10.1.25.jar:10.1.25]
	at java.base/java.lang.Thread.run(Thread.java:840) ~[na:na]

2024-09-03T09:41:27.904+09:00  INFO 2316 --- [main] example.task1.AppStart                   : Starting AppStart using Java 17.0.11 with PID 2316 (C:\Users\tj-bu-703-06\IdeaProjects\TJ_2024A_SpringPy\build\classes\java\main started by tj-bu-703-06 in C:\Users\tj-bu-703-06\IdeaProjects\TJ_2024A_SpringPy)
2024-09-03T09:41:27.907+09:00  INFO 2316 --- [main] example.task1.AppStart                   : No active profile set, falling back to 1 default profile: "default"
2024-09-03T09:41:29.387+09:00  INFO 2316 --- [main] o.s.b.w.embedded.tomcat.TomcatWebServer  : Tomcat initialized with port 8080 (http)
2024-09-03T09:41:29.402+09:00  INFO 2316 --- [main] o.apache.catalina.core.StandardService   : Starting service [Tomcat]
2024-09-03T09:41:29.402+09:00  INFO 2316 --- [main] o.apache.catalina.core.StandardEngine    : Starting Servlet engine: [Apache Tomcat/10.1.25]
2024-09-03T09:41:29.486+09:00  INFO 2316 --- [main] o.a.c.c.C.[Tomcat].[localhost].[/]       : Initializing Spring embedded WebApplicationContext
2024-09-03T09:41:29.487+09:00  INFO 2316 --- [main] w.s.c.ServletWebServerApplicationContext : Root WebApplicationContext: initialization completed in 1504 ms
2024-09-03T09:41:29.684+09:00  INFO 2316 --- [main] com.zaxxer.hikari.HikariDataSource       : HikariPool-1 - Starting...
2024-09-03T09:41:30.144+09:00  INFO 2316 --- [main] com.zaxxer.hikari.pool.HikariPool        : HikariPool-1 - Added connection com.mysql.cj.jdbc.ConnectionImpl@180b3819
2024-09-03T09:41:30.147+09:00  INFO 2316 --- [main] com.zaxxer.hikari.HikariDataSource       : HikariPool-1 - Start completed.
2024-09-03T09:41:30.901+09:00  WARN 2316 --- [main] ion$DefaultTemplateResolverConfiguration : Cannot find template location: classpath:/templates/ (please add some templates, check your Thymeleaf configuration, or set spring.thymeleaf.check-template-location=false)
2024-09-03T09:41:31.010+09:00  INFO 2316 --- [main] o.s.b.w.embedded.tomcat.TomcatWebServer  : Tomcat started on port 8080 (http) with context path ''
2024-09-03T09:41:31.020+09:00  INFO 2316 --- [main] example.task1.AppStart                   : Started AppStart in 3.649 seconds (process running for 4.046)
2024-09-03T09:41:39.637+09:00  INFO 2316 --- [http-nio-8080-exec-1] o.a.c.c.C.[Tomcat].[localhost].[/]       : Initializing Spring DispatcherServlet 'dispatcherServlet'
2024-09-03T09:41:39.884+09:00 ERROR 2316 --- [http-nio-8080-exec-1] o.a.c.c.C.[.[.[/].[dispatcherServlet]    : Servlet.service() for servlet [dispatcherServlet] in context with path [] threw exception [Request processing failed: org.springframework.dao.DataIntegrityViolationException: 
### Error updating database.  Cause: java.sql.SQLIntegrityConstraintViolationException: Column 'record_date' cannot be null
### The error may exist in file [C:\Users\tj-bu-703-06\IdeaProjects\TJ_2024A_SpringPy\build\resources\main\mybatis\mappers\accountMapper\accountMapper.xml]
### The error may involve example.task1.AccountDao.add-Inline
### The error occurred while setting parameters
### SQL: insert into account(description, amount, record_date)         values (?, ?, ?)
### Cause: java.sql.SQLIntegrityConstraintViolationException: Column 'record_date' cannot be null
; Column 'record_date' cannot be null] with root cause

java.sql.SQLIntegrityConstraintViolationException: Column 'record_date' cannot be null
	at com.mysql.cj.jdbc.exceptions.SQLError.createSQLException(SQLError.java:118) ~[mysql-connector-j-8.3.0.jar:8.3.0]
	at com.mysql.cj.jdbc.exceptions.SQLExceptionsMapping.translateException(SQLExceptionsMapping.java:122) ~[mysql-connector-j-8.3.0.jar:8.3.0]
	at com.mysql.cj.jdbc.ClientPreparedStatement.executeInternal(ClientPreparedStatement.java:912) ~[mysql-connector-j-8.3.0.jar:8.3.0]
	at com.mysql.cj.jdbc.ClientPreparedStatement.execute(ClientPreparedStatement.java:354) ~[mysql-connector-j-8.3.0.jar:8.3.0]
	at com.zaxxer.hikari.pool.ProxyPreparedStatement.execute(ProxyPreparedStatement.java:44) ~[HikariCP-5.0.1.jar:na]
	at com.zaxxer.hikari.pool.HikariProxyPreparedStatement.execute(HikariProxyPreparedStatement.java) ~[HikariCP-5.0.1.jar:na]
	at org.apache.ibatis.executor.statement.PreparedStatementHandler.update(PreparedStatementHandler.java:48) ~[mybatis-3.5.14.jar:3.5.14]
	at org.apache.ibatis.executor.statement.RoutingStatementHandler.update(RoutingStatementHandler.java:75) ~[mybatis-3.5.14.jar:3.5.14]
	at org.apache.ibatis.executor.SimpleExecutor.doUpdate(SimpleExecutor.java:50) ~[mybatis-3.5.14.jar:3.5.14]
	at org.apache.ibatis.executor.BaseExecutor.update(BaseExecutor.java:117) ~[mybatis-3.5.14.jar:3.5.14]
	at org.apache.ibatis.executor.CachingExecutor.update(CachingExecutor.java:76) ~[mybatis-3.5.14.jar:3.5.14]
	at org.apache.ibatis.session.defaults.DefaultSqlSession.update(DefaultSqlSession.java:197) ~[mybatis-3.5.14.jar:3.5.14]
	at org.apache.ibatis.session.defaults.DefaultSqlSession.insert(DefaultSqlSession.java:184) ~[mybatis-3.5.14.jar:3.5.14]
	at java.base/jdk.internal.reflect.NativeMethodAccessorImpl.invoke0(Native Method) ~[na:na]
	at java.base/jdk.internal.reflect.NativeMethodAccessorImpl.invoke(NativeMethodAccessorImpl.java:77) ~[na:na]
	at java.base/jdk.internal.reflect.DelegatingMethodAccessorImpl.invoke(DelegatingMethodAccessorImpl.java:43) ~[na:na]
	at java.base/java.lang.reflect.Method.invoke(Method.java:568) ~[na:na]
	at org.mybatis.spring.SqlSessionTemplate$SqlSessionInterceptor.invoke(SqlSessionTemplate.java:425) ~[mybatis-spring-3.0.3.jar:3.0.3]
	at jdk.proxy2/jdk.proxy2.$Proxy66.insert(Unknown Source) ~[na:na]
	at org.mybatis.spring.SqlSessionTemplate.insert(SqlSessionTemplate.java:272) ~[mybatis-spring-3.0.3.jar:3.0.3]
	at org.apache.ibatis.binding.MapperMethod.execute(MapperMethod.java:62) ~[mybatis-3.5.14.jar:3.5.14]
	at org.apache.ibatis.binding.MapperProxy$PlainMethodInvoker.invoke(MapperProxy.java:141) ~[mybatis-3.5.14.jar:3.5.14]
	at org.apache.ibatis.binding.MapperProxy.invoke(MapperProxy.java:86) ~[mybatis-3.5.14.jar:3.5.14]
	at jdk.proxy2/jdk.proxy2.$Proxy67.add(Unknown Source) ~[na:na]
	at example.task1.AccountService.add(AccountService.java:18) ~[main/:na]
	at example.task1.AccountController.add(AccountController.java:18) ~[main/:na]
	at java.base/jdk.internal.reflect.NativeMethodAccessorImpl.invoke0(Native Method) ~[na:na]
	at java.base/jdk.internal.reflect.NativeMethodAccessorImpl.invoke(NativeMethodAccessorImpl.java:77) ~[na:na]
	at java.base/jdk.internal.reflect.DelegatingMethodAccessorImpl.invoke(DelegatingMethodAccessorImpl.java:43) ~[na:na]
	at java.base/java.lang.reflect.Method.invoke(Method.java:568) ~[na:na]
	at org.springframework.web.method.support.InvocableHandlerMethod.doInvoke(InvocableHandlerMethod.java:255) ~[spring-web-6.1.10.jar:6.1.10]
	at org.springframework.web.method.support.InvocableHandlerMethod.invokeForRequest(InvocableHandlerMethod.java:188) ~[spring-web-6.1.10.jar:6.1.10]
	at org.springframework.web.servlet.mvc.method.annotation.ServletInvocableHandlerMethod.invokeAndHandle(ServletInvocableHandlerMethod.java:118) ~[spring-webmvc-6.1.10.jar:6.1.10]
	at org.springframework.web.servlet.mvc.method.annotation.RequestMappingHandlerAdapter.invokeHandlerMethod(RequestMappingHandlerAdapter.java:926) ~[spring-webmvc-6.1.10.jar:6.1.10]
	at org.springframework.web.servlet.mvc.method.annotation.RequestMappingHandlerAdapter.handleInternal(RequestMappingHandlerAdapter.java:831) ~[spring-webmvc-6.1.10.jar:6.1.10]
	at org.springframework.web.servlet.mvc.method.AbstractHandlerMethodAdapter.handle(AbstractHandlerMethodAdapter.java:87) ~[spring-webmvc-6.1.10.jar:6.1.10]
	at org.springframework.web.servlet.DispatcherServlet.doDispatch(DispatcherServlet.java:1089) ~[spring-webmvc-6.1.10.jar:6.1.10]
	at org.springframework.web.servlet.DispatcherServlet.doService(DispatcherServlet.java:979) ~[spring-webmvc-6.1.10.jar:6.1.10]
	at org.springframework.web.servlet.FrameworkServlet.processRequest(FrameworkServlet.java:1014) ~[spring-webmvc-6.1.10.jar:6.1.10]
	at org.springframework.web.servlet.FrameworkServlet.doPost(FrameworkServlet.java:914) ~[spring-webmvc-6.1.10.jar:6.1.10]
	at jakarta.servlet.http.HttpServlet.service(HttpServlet.java:590) ~[tomcat-embed-core-10.1.25.jar:6.0]
	at org.springframework.web.servlet.FrameworkServlet.service(FrameworkServlet.java:885) ~[spring-webmvc-6.1.10.jar:6.1.10]
	at jakarta.servlet.http.HttpServlet.service(HttpServlet.java:658) ~[tomcat-embed-core-10.1.25.jar:6.0]
	at org.apache.catalina.core.ApplicationFilterChain.internalDoFilter(ApplicationFilterChain.java:195) ~[tomcat-embed-core-10.1.25.jar:10.1.25]
	at org.apache.catalina.core.ApplicationFilterChain.doFilter(ApplicationFilterChain.java:140) ~[tomcat-embed-core-10.1.25.jar:10.1.25]
	at org.apache.tomcat.websocket.server.WsFilter.doFilter(WsFilter.java:51) ~[tomcat-embed-websocket-10.1.25.jar:10.1.25]
	at org.apache.catalina.core.ApplicationFilterChain.internalDoFilter(ApplicationFilterChain.java:164) ~[tomcat-embed-core-10.1.25.jar:10.1.25]
	at org.apache.catalina.core.ApplicationFilterChain.doFilter(ApplicationFilterChain.java:140) ~[tomcat-embed-core-10.1.25.jar:10.1.25]
	at org.springframework.web.filter.RequestContextFilter.doFilterInternal(RequestContextFilter.java:100) ~[spring-web-6.1.10.jar:6.1.10]
	at org.springframework.web.filter.OncePerRequestFilter.doFilter(OncePerRequestFilter.java:116) ~[spring-web-6.1.10.jar:6.1.10]
	at org.apache.catalina.core.ApplicationFilterChain.internalDoFilter(ApplicationFilterChain.java:164) ~[tomcat-embed-core-10.1.25.jar:10.1.25]
	at org.apache.catalina.core.ApplicationFilterChain.doFilter(ApplicationFilterChain.java:140) ~[tomcat-embed-core-10.1.25.jar:10.1.25]
	at org.springframework.web.filter.FormContentFilter.doFilterInternal(FormContentFilter.java:93) ~[spring-web-6.1.10.jar:6.1.10]
	at org.springframework.web.filter.OncePerRequestFilter.doFilter(OncePerRequestFilter.java:116) ~[spring-web-6.1.10.jar:6.1.10]
	at org.apache.catalina.core.ApplicationFilterChain.internalDoFilter(ApplicationFilterChain.java:164) ~[tomcat-embed-core-10.1.25.jar:10.1.25]
	at org.apache.catalina.core.ApplicationFilterChain.doFilter(ApplicationFilterChain.java:140) ~[tomcat-embed-core-10.1.25.jar:10.1.25]
	at org.springframework.web.filter.CharacterEncodingFilter.doFilterInternal(CharacterEncodingFilter.java:201) ~[spring-web-6.1.10.jar:6.1.10]
	at org.springframework.web.filter.OncePerRequestFilter.doFilter(OncePerRequestFilter.java:116) ~[spring-web-6.1.10.jar:6.1.10]
	at org.apache.catalina.core.ApplicationFilterChain.internalDoFilter(ApplicationFilterChain.java:164) ~[tomcat-embed-core-10.1.25.jar:10.1.25]
	at org.apache.catalina.core.ApplicationFilterChain.doFilter(ApplicationFilterChain.java:140) ~[tomcat-embed-core-10.1.25.jar:10.1.25]
	at org.apache.catalina.core.StandardWrapperValve.invoke(StandardWrapperValve.java:167) ~[tomcat-embed-core-10.1.25.jar:10.1.25]
	at org.apache.catalina.core.StandardContextValve.invoke(StandardContextValve.java:90) ~[tomcat-embed-core-10.1.25.jar:10.1.25]
	at org.apache.catalina.authenticator.AuthenticatorBase.invoke(AuthenticatorBase.java:482) ~[tomcat-embed-core-10.1.25.jar:10.1.25]
	at org.apache.catalina.core.StandardHostValve.invoke(StandardHostValve.java:115) ~[tomcat-embed-core-10.1.25.jar:10.1.25]
	at org.apache.catalina.valves.ErrorReportValve.invoke(ErrorReportValve.java:93) ~[tomcat-embed-core-10.1.25.jar:10.1.25]
	at org.apache.catalina.core.StandardEngineValve.invoke(StandardEngineValve.java:74) ~[tomcat-embed-core-10.1.25.jar:10.1.25]
	at org.apache.catalina.connector.CoyoteAdapter.service(CoyoteAdapter.java:344) ~[tomcat-embed-core-10.1.25.jar:10.1.25]
	at org.apache.coyote.http11.Http11Processor.service(Http11Processor.java:389) ~[tomcat-embed-core-10.1.25.jar:10.1.25]
	at org.apache.coyote.AbstractProcessorLight.process(AbstractProcessorLight.java:63) ~[tomcat-embed-core-10.1.25.jar:10.1.25]
	at org.apache.coyote.AbstractProtocol$ConnectionHandler.process(AbstractProtocol.java:904) ~[tomcat-embed-core-10.1.25.jar:10.1.25]
	at org.apache.tomcat.util.net.NioEndpoint$SocketProcessor.doRun(NioEndpoint.java:1741) ~[tomcat-embed-core-10.1.25.jar:10.1.25]
	at org.apache.tomcat.util.net.SocketProcessorBase.run(SocketProcessorBase.java:52) ~[tomcat-embed-core-10.1.25.jar:10.1.25]
	at org.apache.tomcat.util.threads.ThreadPoolExecutor.runWorker(ThreadPoolExecutor.java:1190) ~[tomcat-embed-core-10.1.25.jar:10.1.25]
	at org.apache.tomcat.util.threads.ThreadPoolExecutor$Worker.run(ThreadPoolExecutor.java:659) ~[tomcat-embed-core-10.1.25.jar:10.1.25]
	at org.apache.tomcat.util.threads.TaskThread$WrappingRunnable.run(TaskThread.java:63) ~[tomcat-embed-core-10.1.25.jar:10.1.25]
	at java.base/java.lang.Thread.run(Thread.java:840) ~[na:na]

2024-09-03T09:42:43.308+09:00  INFO 10100 --- [main] example.task1.AppStart                   : Starting AppStart using Java 17.0.11 with PID 10100 (C:\Users\tj-bu-703-06\IdeaProjects\TJ_2024A_SpringPy\build\classes\java\main started by tj-bu-703-06 in C:\Users\tj-bu-703-06\IdeaProjects\TJ_2024A_SpringPy)
2024-09-03T09:42:43.316+09:00  INFO 10100 --- [main] example.task1.AppStart                   : No active profile set, falling back to 1 default profile: "default"
2024-09-03T09:42:44.765+09:00  INFO 10100 --- [main] o.s.b.w.embedded.tomcat.TomcatWebServer  : Tomcat initialized with port 8080 (http)
2024-09-03T09:42:44.779+09:00  INFO 10100 --- [main] o.apache.catalina.core.StandardService   : Starting service [Tomcat]
2024-09-03T09:42:44.779+09:00  INFO 10100 --- [main] o.apache.catalina.core.StandardEngine    : Starting Servlet engine: [Apache Tomcat/10.1.25]
2024-09-03T09:42:44.858+09:00  INFO 10100 --- [main] o.a.c.c.C.[Tomcat].[localhost].[/]       : Initializing Spring embedded WebApplicationContext
2024-09-03T09:42:44.859+09:00  INFO 10100 --- [main] w.s.c.ServletWebServerApplicationContext : Root WebApplicationContext: initialization completed in 1461 ms
2024-09-03T09:42:45.088+09:00  INFO 10100 --- [main] com.zaxxer.hikari.HikariDataSource       : HikariPool-1 - Starting...
2024-09-03T09:42:45.438+09:00  INFO 10100 --- [main] com.zaxxer.hikari.pool.HikariPool        : HikariPool-1 - Added connection com.mysql.cj.jdbc.ConnectionImpl@47272cd3
2024-09-03T09:42:45.441+09:00  INFO 10100 --- [main] com.zaxxer.hikari.HikariDataSource       : HikariPool-1 - Start completed.
2024-09-03T09:42:46.178+09:00  WARN 10100 --- [main] ion$DefaultTemplateResolverConfiguration : Cannot find template location: classpath:/templates/ (please add some templates, check your Thymeleaf configuration, or set spring.thymeleaf.check-template-location=false)
2024-09-03T09:42:46.282+09:00  INFO 10100 --- [main] o.s.b.w.embedded.tomcat.TomcatWebServer  : Tomcat started on port 8080 (http) with context path ''
2024-09-03T09:42:46.294+09:00  INFO 10100 --- [main] example.task1.AppStart                   : Started AppStart in 3.536 seconds (process running for 3.941)
2024-09-03T09:42:50.982+09:00  INFO 10100 --- [http-nio-8080-exec-1] o.a.c.c.C.[Tomcat].[localhost].[/]       : Initializing Spring DispatcherServlet 'dispatcherServlet'
2024-09-03T09:42:56.962+09:00  INFO 10100 --- [http-nio-8080-exec-3] example.task1.AccountService             : 항목 등록 성공.
2024-09-03T09:44:20.340+09:00  INFO 10228 --- [main] example.task1.AppStart                   : Starting AppStart using Java 17.0.11 with PID 10228 (C:\Users\tj-bu-703-06\IdeaProjects\TJ_2024A_SpringPy\build\classes\java\main started by tj-bu-703-06 in C:\Users\tj-bu-703-06\IdeaProjects\TJ_2024A_SpringPy)
2024-09-03T09:44:20.344+09:00  INFO 10228 --- [main] example.task1.AppStart                   : No active profile set, falling back to 1 default profile: "default"
2024-09-03T09:44:21.961+09:00  INFO 10228 --- [main] o.s.b.w.embedded.tomcat.TomcatWebServer  : Tomcat initialized with port 8080 (http)
2024-09-03T09:44:21.976+09:00  INFO 10228 --- [main] o.apache.catalina.core.StandardService   : Starting service [Tomcat]
2024-09-03T09:44:21.976+09:00  INFO 10228 --- [main] o.apache.catalina.core.StandardEngine    : Starting Servlet engine: [Apache Tomcat/10.1.25]
2024-09-03T09:44:22.057+09:00  INFO 10228 --- [main] o.a.c.c.C.[Tomcat].[localhost].[/]       : Initializing Spring embedded WebApplicationContext
2024-09-03T09:44:22.057+09:00  INFO 10228 --- [main] w.s.c.ServletWebServerApplicationContext : Root WebApplicationContext: initialization completed in 1641 ms
2024-09-03T09:44:22.241+09:00  INFO 10228 --- [main] com.zaxxer.hikari.HikariDataSource       : HikariPool-1 - Starting...
2024-09-03T09:44:22.610+09:00  INFO 10228 --- [main] com.zaxxer.hikari.pool.HikariPool        : HikariPool-1 - Added connection com.mysql.cj.jdbc.ConnectionImpl@180b3819
2024-09-03T09:44:22.613+09:00  INFO 10228 --- [main] com.zaxxer.hikari.HikariDataSource       : HikariPool-1 - Start completed.
2024-09-03T09:44:23.368+09:00  WARN 10228 --- [main] ion$DefaultTemplateResolverConfiguration : Cannot find template location: classpath:/templates/ (please add some templates, check your Thymeleaf configuration, or set spring.thymeleaf.check-template-location=false)
2024-09-03T09:44:23.471+09:00  INFO 10228 --- [main] o.s.b.w.embedded.tomcat.TomcatWebServer  : Tomcat started on port 8080 (http) with context path ''
2024-09-03T09:44:23.480+09:00  INFO 10228 --- [main] example.task1.AppStart                   : Started AppStart in 3.686 seconds (process running for 4.073)
2024-09-03T09:44:28.705+09:00  INFO 10228 --- [http-nio-8080-exec-1] o.a.c.c.C.[Tomcat].[localhost].[/]       : Initializing Spring DispatcherServlet 'dispatcherServlet'
2024-09-03T09:44:28.824+09:00  INFO 10228 --- [http-nio-8080-exec-1] example.task1.AccountService             : successfully added.
2024-09-03T09:54:00.809+09:00  INFO 9236 --- [main] example.task1.AppStart                   : Starting AppStart using Java 17.0.11 with PID 9236 (C:\Users\tj-bu-703-06\IdeaProjects\TJ_2024A_SpringPy\build\classes\java\main started by tj-bu-703-06 in C:\Users\tj-bu-703-06\IdeaProjects\TJ_2024A_SpringPy)
2024-09-03T09:54:00.813+09:00  INFO 9236 --- [main] example.task1.AppStart                   : No active profile set, falling back to 1 default profile: "default"
2024-09-03T09:54:02.523+09:00  INFO 9236 --- [main] o.s.b.w.embedded.tomcat.TomcatWebServer  : Tomcat initialized with port 8080 (http)
2024-09-03T09:54:02.537+09:00  INFO 9236 --- [main] o.apache.catalina.core.StandardService   : Starting service [Tomcat]
2024-09-03T09:54:02.538+09:00  INFO 9236 --- [main] o.apache.catalina.core.StandardEngine    : Starting Servlet engine: [Apache Tomcat/10.1.25]
2024-09-03T09:54:02.629+09:00  INFO 9236 --- [main] o.a.c.c.C.[Tomcat].[localhost].[/]       : Initializing Spring embedded WebApplicationContext
2024-09-03T09:54:02.629+09:00  INFO 9236 --- [main] w.s.c.ServletWebServerApplicationContext : Root WebApplicationContext: initialization completed in 1740 ms
2024-09-03T09:54:02.835+09:00  INFO 9236 --- [main] com.zaxxer.hikari.HikariDataSource       : HikariPool-1 - Starting...
2024-09-03T09:54:03.239+09:00  INFO 9236 --- [main] com.zaxxer.hikari.pool.HikariPool        : HikariPool-1 - Added connection com.mysql.cj.jdbc.ConnectionImpl@180b3819
2024-09-03T09:54:03.242+09:00  INFO 9236 --- [main] com.zaxxer.hikari.HikariDataSource       : HikariPool-1 - Start completed.
2024-09-03T09:54:04.890+09:00  WARN 9236 --- [main] ion$DefaultTemplateResolverConfiguration : Cannot find template location: classpath:/templates/ (please add some templates, check your Thymeleaf configuration, or set spring.thymeleaf.check-template-location=false)
2024-09-03T09:54:05.499+09:00  INFO 9236 --- [main] o.s.b.w.embedded.tomcat.TomcatWebServer  : Tomcat started on port 8080 (http) with context path ''
2024-09-03T09:54:05.514+09:00  INFO 9236 --- [main] example.task1.AppStart                   : Started AppStart in 5.299 seconds (process running for 5.729)
2024-09-03T09:54:09.622+09:00  INFO 9236 --- [http-nio-8080-exec-1] o.a.c.c.C.[Tomcat].[localhost].[/]       : Initializing Spring DispatcherServlet 'dispatcherServlet'
2024-09-03T09:54:09.726+09:00  INFO 9236 --- [http-nio-8080-exec-1] example.task1.AccountService             : successfully added.
2024-09-03T09:56:22.202+09:00  INFO 9824 --- [main] example.task1.AppStart                   : Starting AppStart using Java 17.0.11 with PID 9824 (C:\Users\tj-bu-703-06\IdeaProjects\TJ_2024A_SpringPy\build\classes\java\main started by tj-bu-703-06 in C:\Users\tj-bu-703-06\IdeaProjects\TJ_2024A_SpringPy)
2024-09-03T09:56:22.207+09:00  INFO 9824 --- [main] example.task1.AppStart                   : No active profile set, falling back to 1 default profile: "default"
2024-09-03T09:56:23.735+09:00  INFO 9824 --- [main] o.s.b.w.embedded.tomcat.TomcatWebServer  : Tomcat initialized with port 8080 (http)
2024-09-03T09:56:23.750+09:00  INFO 9824 --- [main] o.apache.catalina.core.StandardService   : Starting service [Tomcat]
2024-09-03T09:56:23.751+09:00  INFO 9824 --- [main] o.apache.catalina.core.StandardEngine    : Starting Servlet engine: [Apache Tomcat/10.1.25]
2024-09-03T09:56:23.857+09:00  INFO 9824 --- [main] o.a.c.c.C.[Tomcat].[localhost].[/]       : Initializing Spring embedded WebApplicationContext
2024-09-03T09:56:23.858+09:00  INFO 9824 --- [main] w.s.c.ServletWebServerApplicationContext : Root WebApplicationContext: initialization completed in 1585 ms
2024-09-03T09:56:24.057+09:00  INFO 9824 --- [main] com.zaxxer.hikari.HikariDataSource       : HikariPool-1 - Starting...
2024-09-03T09:56:24.420+09:00  INFO 9824 --- [main] com.zaxxer.hikari.pool.HikariPool        : HikariPool-1 - Added connection com.mysql.cj.jdbc.ConnectionImpl@180b3819
2024-09-03T09:56:24.422+09:00  INFO 9824 --- [main] com.zaxxer.hikari.HikariDataSource       : HikariPool-1 - Start completed.
2024-09-03T09:56:25.170+09:00  WARN 9824 --- [main] ion$DefaultTemplateResolverConfiguration : Cannot find template location: classpath:/templates/ (please add some templates, check your Thymeleaf configuration, or set spring.thymeleaf.check-template-location=false)
2024-09-03T09:56:25.284+09:00  INFO 9824 --- [main] o.s.b.w.embedded.tomcat.TomcatWebServer  : Tomcat started on port 8080 (http) with context path ''
2024-09-03T09:56:25.293+09:00  INFO 9824 --- [main] example.task1.AppStart                   : Started AppStart in 3.655 seconds (process running for 4.071)
2024-09-03T09:56:32.239+09:00  INFO 9824 --- [http-nio-8080-exec-1] o.a.c.c.C.[Tomcat].[localhost].[/]       : Initializing Spring DispatcherServlet 'dispatcherServlet'
2024-09-03T09:58:14.149+09:00  INFO 1868 --- [main] example.task1.AppStart                   : Starting AppStart using Java 17.0.11 with PID 1868 (C:\Users\tj-bu-703-06\IdeaProjects\TJ_2024A_SpringPy\build\classes\java\main started by tj-bu-703-06 in C:\Users\tj-bu-703-06\IdeaProjects\TJ_2024A_SpringPy)
2024-09-03T09:58:14.153+09:00  INFO 1868 --- [main] example.task1.AppStart                   : No active profile set, falling back to 1 default profile: "default"
2024-09-03T09:58:15.600+09:00  INFO 1868 --- [main] o.s.b.w.embedded.tomcat.TomcatWebServer  : Tomcat initialized with port 8080 (http)
2024-09-03T09:58:15.616+09:00  INFO 1868 --- [main] o.apache.catalina.core.StandardService   : Starting service [Tomcat]
2024-09-03T09:58:15.616+09:00  INFO 1868 --- [main] o.apache.catalina.core.StandardEngine    : Starting Servlet engine: [Apache Tomcat/10.1.25]
2024-09-03T09:58:15.697+09:00  INFO 1868 --- [main] o.a.c.c.C.[Tomcat].[localhost].[/]       : Initializing Spring embedded WebApplicationContext
2024-09-03T09:58:15.698+09:00  INFO 1868 --- [main] w.s.c.ServletWebServerApplicationContext : Root WebApplicationContext: initialization completed in 1468 ms
2024-09-03T09:58:15.910+09:00  INFO 1868 --- [main] com.zaxxer.hikari.HikariDataSource       : HikariPool-1 - Starting...
2024-09-03T09:58:16.256+09:00  INFO 1868 --- [main] com.zaxxer.hikari.pool.HikariPool        : HikariPool-1 - Added connection com.mysql.cj.jdbc.ConnectionImpl@47272cd3
2024-09-03T09:58:16.259+09:00  INFO 1868 --- [main] com.zaxxer.hikari.HikariDataSource       : HikariPool-1 - Start completed.
2024-09-03T09:58:17.012+09:00  WARN 1868 --- [main] ion$DefaultTemplateResolverConfiguration : Cannot find template location: classpath:/templates/ (please add some templates, check your Thymeleaf configuration, or set spring.thymeleaf.check-template-location=false)
2024-09-03T09:58:17.120+09:00  INFO 1868 --- [main] o.s.b.w.embedded.tomcat.TomcatWebServer  : Tomcat started on port 8080 (http) with context path ''
2024-09-03T09:58:17.130+09:00  INFO 1868 --- [main] example.task1.AppStart                   : Started AppStart in 3.533 seconds (process running for 3.926)
2024-09-03T09:58:23.013+09:00  INFO 1868 --- [http-nio-8080-exec-1] o.a.c.c.C.[Tomcat].[localhost].[/]       : Initializing Spring DispatcherServlet 'dispatcherServlet'
2024-09-03T10:00:52.281+09:00  INFO 6156 --- [main] example.task1.AppStart                   : Starting AppStart using Java 17.0.11 with PID 6156 (C:\Users\tj-bu-703-06\IdeaProjects\TJ_2024A_SpringPy\build\classes\java\main started by tj-bu-703-06 in C:\Users\tj-bu-703-06\IdeaProjects\TJ_2024A_SpringPy)
2024-09-03T10:00:52.289+09:00  INFO 6156 --- [main] example.task1.AppStart                   : No active profile set, falling back to 1 default profile: "default"
2024-09-03T10:00:53.879+09:00  INFO 6156 --- [main] o.s.b.w.embedded.tomcat.TomcatWebServer  : Tomcat initialized with port 8080 (http)
2024-09-03T10:00:53.895+09:00  INFO 6156 --- [main] o.apache.catalina.core.StandardService   : Starting service [Tomcat]
2024-09-03T10:00:53.895+09:00  INFO 6156 --- [main] o.apache.catalina.core.StandardEngine    : Starting Servlet engine: [Apache Tomcat/10.1.25]
2024-09-03T10:00:53.976+09:00  INFO 6156 --- [main] o.a.c.c.C.[Tomcat].[localhost].[/]       : Initializing Spring embedded WebApplicationContext
2024-09-03T10:00:53.977+09:00  INFO 6156 --- [main] w.s.c.ServletWebServerApplicationContext : Root WebApplicationContext: initialization completed in 1609 ms
2024-09-03T10:00:54.169+09:00  INFO 6156 --- [main] com.zaxxer.hikari.HikariDataSource       : HikariPool-1 - Starting...
2024-09-03T10:00:54.525+09:00  INFO 6156 --- [main] com.zaxxer.hikari.pool.HikariPool        : HikariPool-1 - Added connection com.mysql.cj.jdbc.ConnectionImpl@236eccd1
2024-09-03T10:00:54.527+09:00  INFO 6156 --- [main] com.zaxxer.hikari.HikariDataSource       : HikariPool-1 - Start completed.
2024-09-03T10:00:55.271+09:00  WARN 6156 --- [main] ion$DefaultTemplateResolverConfiguration : Cannot find template location: classpath:/templates/ (please add some templates, check your Thymeleaf configuration, or set spring.thymeleaf.check-template-location=false)
2024-09-03T10:00:55.374+09:00  INFO 6156 --- [main] o.s.b.w.embedded.tomcat.TomcatWebServer  : Tomcat started on port 8080 (http) with context path ''
2024-09-03T10:00:55.385+09:00  INFO 6156 --- [main] example.task1.AppStart                   : Started AppStart in 3.656 seconds (process running for 4.061)
2024-09-03T10:00:57.694+09:00  INFO 6156 --- [http-nio-8080-exec-1] o.a.c.c.C.[Tomcat].[localhost].[/]       : Initializing Spring DispatcherServlet 'dispatcherServlet'
2024-09-03T10:03:11.466+09:00  INFO 7324 --- [main] example.task1.AppStart                   : Starting AppStart using Java 17.0.11 with PID 7324 (C:\Users\tj-bu-703-06\IdeaProjects\TJ_2024A_SpringPy\build\classes\java\main started by tj-bu-703-06 in C:\Users\tj-bu-703-06\IdeaProjects\TJ_2024A_SpringPy)
2024-09-03T10:03:11.470+09:00  INFO 7324 --- [main] example.task1.AppStart                   : No active profile set, falling back to 1 default profile: "default"
2024-09-03T10:03:12.941+09:00  INFO 7324 --- [main] o.s.b.w.embedded.tomcat.TomcatWebServer  : Tomcat initialized with port 8080 (http)
2024-09-03T10:03:12.957+09:00  INFO 7324 --- [main] o.apache.catalina.core.StandardService   : Starting service [Tomcat]
2024-09-03T10:03:12.957+09:00  INFO 7324 --- [main] o.apache.catalina.core.StandardEngine    : Starting Servlet engine: [Apache Tomcat/10.1.25]
2024-09-03T10:03:13.049+09:00  INFO 7324 --- [main] o.a.c.c.C.[Tomcat].[localhost].[/]       : Initializing Spring embedded WebApplicationContext
2024-09-03T10:03:13.050+09:00  INFO 7324 --- [main] w.s.c.ServletWebServerApplicationContext : Root WebApplicationContext: initialization completed in 1506 ms
2024-09-03T10:03:13.265+09:00  INFO 7324 --- [main] com.zaxxer.hikari.HikariDataSource       : HikariPool-1 - Starting...
2024-09-03T10:03:13.633+09:00  INFO 7324 --- [main] com.zaxxer.hikari.pool.HikariPool        : HikariPool-1 - Added connection com.mysql.cj.jdbc.ConnectionImpl@47272cd3
2024-09-03T10:03:13.635+09:00  INFO 7324 --- [main] com.zaxxer.hikari.HikariDataSource       : HikariPool-1 - Start completed.
2024-09-03T10:03:14.439+09:00  WARN 7324 --- [main] ion$DefaultTemplateResolverConfiguration : Cannot find template location: classpath:/templates/ (please add some templates, check your Thymeleaf configuration, or set spring.thymeleaf.check-template-location=false)
2024-09-03T10:03:14.545+09:00  INFO 7324 --- [main] o.s.b.w.embedded.tomcat.TomcatWebServer  : Tomcat started on port 8080 (http) with context path ''
2024-09-03T10:03:14.554+09:00  INFO 7324 --- [main] example.task1.AppStart                   : Started AppStart in 3.631 seconds (process running for 4.051)
2024-09-03T10:03:21.368+09:00  INFO 7324 --- [http-nio-8080-exec-1] o.a.c.c.C.[Tomcat].[localhost].[/]       : Initializing Spring DispatcherServlet 'dispatcherServlet'
2024-09-03T10:04:09.005+09:00  INFO 2884 --- [main] example.task1.AppStart                   : Starting AppStart using Java 17.0.11 with PID 2884 (C:\Users\tj-bu-703-06\IdeaProjects\TJ_2024A_SpringPy\build\classes\java\main started by tj-bu-703-06 in C:\Users\tj-bu-703-06\IdeaProjects\TJ_2024A_SpringPy)
2024-09-03T10:04:09.009+09:00  INFO 2884 --- [main] example.task1.AppStart                   : No active profile set, falling back to 1 default profile: "default"
2024-09-03T10:04:10.481+09:00  INFO 2884 --- [main] o.s.b.w.embedded.tomcat.TomcatWebServer  : Tomcat initialized with port 8080 (http)
2024-09-03T10:04:10.494+09:00  INFO 2884 --- [main] o.apache.catalina.core.StandardService   : Starting service [Tomcat]
2024-09-03T10:04:10.495+09:00  INFO 2884 --- [main] o.apache.catalina.core.StandardEngine    : Starting Servlet engine: [Apache Tomcat/10.1.25]
2024-09-03T10:04:10.573+09:00  INFO 2884 --- [main] o.a.c.c.C.[Tomcat].[localhost].[/]       : Initializing Spring embedded WebApplicationContext
2024-09-03T10:04:10.574+09:00  INFO 2884 --- [main] w.s.c.ServletWebServerApplicationContext : Root WebApplicationContext: initialization completed in 1499 ms
2024-09-03T10:04:10.784+09:00  INFO 2884 --- [main] com.zaxxer.hikari.HikariDataSource       : HikariPool-1 - Starting...
2024-09-03T10:04:11.141+09:00  INFO 2884 --- [main] com.zaxxer.hikari.pool.HikariPool        : HikariPool-1 - Added connection com.mysql.cj.jdbc.ConnectionImpl@180b3819
2024-09-03T10:04:11.143+09:00  INFO 2884 --- [main] com.zaxxer.hikari.HikariDataSource       : HikariPool-1 - Start completed.
2024-09-03T10:04:11.918+09:00  WARN 2884 --- [main] ion$DefaultTemplateResolverConfiguration : Cannot find template location: classpath:/templates/ (please add some templates, check your Thymeleaf configuration, or set spring.thymeleaf.check-template-location=false)
2024-09-03T10:04:12.023+09:00  INFO 2884 --- [main] o.s.b.w.embedded.tomcat.TomcatWebServer  : Tomcat started on port 8080 (http) with context path ''
2024-09-03T10:04:12.033+09:00  INFO 2884 --- [main] example.task1.AppStart                   : Started AppStart in 3.587 seconds (process running for 4.034)
2024-09-03T10:04:15.936+09:00  INFO 2884 --- [http-nio-8080-exec-1] o.a.c.c.C.[Tomcat].[localhost].[/]       : Initializing Spring DispatcherServlet 'dispatcherServlet'
2024-09-03T10:05:04.533+09:00  INFO 2884 --- [http-nio-8080-exec-6] example.task1.AccountService             : successfully deleted.
2024-09-03T10:05:06.159+09:00  INFO 2884 --- [http-nio-8080-exec-8] example.task1.AccountService             : successfully deleted.
2024-09-03T10:05:06.677+09:00  INFO 2884 --- [http-nio-8080-exec-10] example.task1.AccountService             : successfully deleted.
2024-09-03T10:05:59.214+09:00  INFO 2884 --- [http-nio-8080-exec-2] example.task1.AccountService             : successfully deleted.
2024-09-03T10:06:50.505+09:00  INFO 3256 --- [main] example.task1.AppStart                   : Starting AppStart using Java 17.0.11 with PID 3256 (C:\Users\tj-bu-703-06\IdeaProjects\TJ_2024A_SpringPy\build\classes\java\main started by tj-bu-703-06 in C:\Users\tj-bu-703-06\IdeaProjects\TJ_2024A_SpringPy)
2024-09-03T10:06:50.509+09:00  INFO 3256 --- [main] example.task1.AppStart                   : No active profile set, falling back to 1 default profile: "default"
2024-09-03T10:06:52.169+09:00  INFO 3256 --- [main] o.s.b.w.embedded.tomcat.TomcatWebServer  : Tomcat initialized with port 8080 (http)
2024-09-03T10:06:52.184+09:00  INFO 3256 --- [main] o.apache.catalina.core.StandardService   : Starting service [Tomcat]
2024-09-03T10:06:52.185+09:00  INFO 3256 --- [main] o.apache.catalina.core.StandardEngine    : Starting Servlet engine: [Apache Tomcat/10.1.25]
2024-09-03T10:06:52.281+09:00  INFO 3256 --- [main] o.a.c.c.C.[Tomcat].[localhost].[/]       : Initializing Spring embedded WebApplicationContext
2024-09-03T10:06:52.281+09:00  INFO 3256 --- [main] w.s.c.ServletWebServerApplicationContext : Root WebApplicationContext: initialization completed in 1695 ms
2024-09-03T10:06:52.482+09:00  INFO 3256 --- [main] com.zaxxer.hikari.HikariDataSource       : HikariPool-1 - Starting...
2024-09-03T10:06:52.816+09:00  INFO 3256 --- [main] com.zaxxer.hikari.pool.HikariPool        : HikariPool-1 - Added connection com.mysql.cj.jdbc.ConnectionImpl@180b3819
2024-09-03T10:06:52.818+09:00  INFO 3256 --- [main] com.zaxxer.hikari.HikariDataSource       : HikariPool-1 - Start completed.
2024-09-03T10:06:53.628+09:00  WARN 3256 --- [main] ion$DefaultTemplateResolverConfiguration : Cannot find template location: classpath:/templates/ (please add some templates, check your Thymeleaf configuration, or set spring.thymeleaf.check-template-location=false)
2024-09-03T10:06:53.753+09:00  INFO 3256 --- [main] o.s.b.w.embedded.tomcat.TomcatWebServer  : Tomcat started on port 8080 (http) with context path ''
2024-09-03T10:06:53.765+09:00  INFO 3256 --- [main] example.task1.AppStart                   : Started AppStart in 3.836 seconds (process running for 4.3)
2024-09-03T10:06:53.907+09:00  INFO 3256 --- [http-nio-8080-exec-1] o.a.c.c.C.[Tomcat].[localhost].[/]       : Initializing Spring DispatcherServlet 'dispatcherServlet'
2024-09-03T10:07:10.356+09:00  INFO 3256 --- [http-nio-8080-exec-6] example.task1.AccountService             : successfully deleted.
2024-09-03T10:07:18.145+09:00  INFO 3256 --- [http-nio-8080-exec-8] example.task1.AccountService             : successfully edited.
2024-09-03T10:07:42.295+09:00  INFO 3256 --- [http-nio-8080-exec-1] example.task1.AccountService             : successfully added.
2024-09-03T10:08:38.246+09:00  INFO 11516 --- [main] example.task1.AppStart                   : Starting AppStart using Java 17.0.11 with PID 11516 (C:\Users\tj-bu-703-06\IdeaProjects\TJ_2024A_SpringPy\build\classes\java\main started by tj-bu-703-06 in C:\Users\tj-bu-703-06\IdeaProjects\TJ_2024A_SpringPy)
2024-09-03T10:08:38.251+09:00  INFO 11516 --- [main] example.task1.AppStart                   : No active profile set, falling back to 1 default profile: "default"
2024-09-03T10:08:39.685+09:00  INFO 11516 --- [main] o.s.b.w.embedded.tomcat.TomcatWebServer  : Tomcat initialized with port 8080 (http)
2024-09-03T10:08:39.701+09:00  INFO 11516 --- [main] o.apache.catalina.core.StandardService   : Starting service [Tomcat]
2024-09-03T10:08:39.701+09:00  INFO 11516 --- [main] o.apache.catalina.core.StandardEngine    : Starting Servlet engine: [Apache Tomcat/10.1.25]
2024-09-03T10:08:39.781+09:00  INFO 11516 --- [main] o.a.c.c.C.[Tomcat].[localhost].[/]       : Initializing Spring embedded WebApplicationContext
2024-09-03T10:08:39.781+09:00  INFO 11516 --- [main] w.s.c.ServletWebServerApplicationContext : Root WebApplicationContext: initialization completed in 1466 ms
2024-09-03T10:08:39.983+09:00  INFO 11516 --- [main] com.zaxxer.hikari.HikariDataSource       : HikariPool-1 - Starting...
2024-09-03T10:08:40.328+09:00  INFO 11516 --- [main] com.zaxxer.hikari.pool.HikariPool        : HikariPool-1 - Added connection com.mysql.cj.jdbc.ConnectionImpl@180b3819
2024-09-03T10:08:40.331+09:00  INFO 11516 --- [main] com.zaxxer.hikari.HikariDataSource       : HikariPool-1 - Start completed.
2024-09-03T10:08:41.087+09:00  WARN 11516 --- [main] ion$DefaultTemplateResolverConfiguration : Cannot find template location: classpath:/templates/ (please add some templates, check your Thymeleaf configuration, or set spring.thymeleaf.check-template-location=false)
2024-09-03T10:08:41.190+09:00  INFO 11516 --- [main] o.s.b.w.embedded.tomcat.TomcatWebServer  : Tomcat started on port 8080 (http) with context path ''
2024-09-03T10:08:41.199+09:00  INFO 11516 --- [main] example.task1.AppStart                   : Started AppStart in 3.5 seconds (process running for 3.891)
2024-09-03T10:08:46.895+09:00  INFO 11516 --- [http-nio-8080-exec-1] o.a.c.c.C.[Tomcat].[localhost].[/]       : Initializing Spring DispatcherServlet 'dispatcherServlet'
2024-09-03T10:08:49.315+09:00  INFO 11516 --- [http-nio-8080-exec-4] example.task1.AccountService             : successfully deleted.
2024-09-03T10:08:51.559+09:00  INFO 11516 --- [http-nio-8080-exec-8] example.task1.AccountService             : successfully deleted.
2024-09-03T10:08:52.560+09:00  INFO 11516 --- [http-nio-8080-exec-2] example.task1.AccountService             : successfully deleted.
2024-09-03T10:08:52.942+09:00  INFO 11516 --- [http-nio-8080-exec-6] example.task1.AccountService             : successfully deleted.
2024-09-03T10:08:54.311+09:00  INFO 11516 --- [http-nio-8080-exec-10] example.task1.AccountService             : successfully deleted.
2024-09-03T10:09:04.732+09:00  INFO 11516 --- [http-nio-8080-exec-4] example.task1.AccountService             : successfully added.
2024-09-03T10:11:07.077+09:00  INFO 12224 --- [main] example.task1.AppStart                   : Starting AppStart using Java 17.0.11 with PID 12224 (C:\Users\tj-bu-703-06\IdeaProjects\TJ_2024A_SpringPy\build\classes\java\main started by tj-bu-703-06 in C:\Users\tj-bu-703-06\IdeaProjects\TJ_2024A_SpringPy)
2024-09-03T10:11:07.081+09:00  INFO 12224 --- [main] example.task1.AppStart                   : No active profile set, falling back to 1 default profile: "default"
2024-09-03T10:11:08.519+09:00  INFO 12224 --- [main] o.s.b.w.embedded.tomcat.TomcatWebServer  : Tomcat initialized with port 8080 (http)
2024-09-03T10:11:08.533+09:00  INFO 12224 --- [main] o.apache.catalina.core.StandardService   : Starting service [Tomcat]
2024-09-03T10:11:08.534+09:00  INFO 12224 --- [main] o.apache.catalina.core.StandardEngine    : Starting Servlet engine: [Apache Tomcat/10.1.25]
2024-09-03T10:11:08.613+09:00  INFO 12224 --- [main] o.a.c.c.C.[Tomcat].[localhost].[/]       : Initializing Spring embedded WebApplicationContext
2024-09-03T10:11:08.614+09:00  INFO 12224 --- [main] w.s.c.ServletWebServerApplicationContext : Root WebApplicationContext: initialization completed in 1461 ms
2024-09-03T10:11:08.799+09:00  INFO 12224 --- [main] com.zaxxer.hikari.HikariDataSource       : HikariPool-1 - Starting...
2024-09-03T10:11:09.175+09:00  INFO 12224 --- [main] com.zaxxer.hikari.pool.HikariPool        : HikariPool-1 - Added connection com.mysql.cj.jdbc.ConnectionImpl@180b3819
2024-09-03T10:11:09.177+09:00  INFO 12224 --- [main] com.zaxxer.hikari.HikariDataSource       : HikariPool-1 - Start completed.
2024-09-03T10:11:09.982+09:00  WARN 12224 --- [main] ion$DefaultTemplateResolverConfiguration : Cannot find template location: classpath:/templates/ (please add some templates, check your Thymeleaf configuration, or set spring.thymeleaf.check-template-location=false)
2024-09-03T10:11:10.097+09:00  INFO 12224 --- [main] o.s.b.w.embedded.tomcat.TomcatWebServer  : Tomcat started on port 8080 (http) with context path ''
2024-09-03T10:11:10.107+09:00  INFO 12224 --- [main] example.task1.AppStart                   : Started AppStart in 3.587 seconds (process running for 4.07)
2024-09-03T10:11:15.477+09:00  INFO 12224 --- [http-nio-8080-exec-1] o.a.c.c.C.[Tomcat].[localhost].[/]       : Initializing Spring DispatcherServlet 'dispatcherServlet'
2024-09-03T10:11:18.893+09:00  INFO 12224 --- [http-nio-8080-exec-5] example.task1.AccountService             : successfully deleted.
2024-09-03T10:11:26.840+09:00  INFO 12224 --- [http-nio-8080-exec-8] example.task1.AccountService             : successfully added.
2024-09-03T10:11:28.535+09:00  INFO 12224 --- [http-nio-8080-exec-9] example.task1.AccountService             : successfully added.
2024-09-03T10:11:28.659+09:00  INFO 12224 --- [http-nio-8080-exec-10] example.task1.AccountService             : successfully added.
2024-09-03T10:12:34.501+09:00  INFO 12088 --- [main] example.task1.AppStart                   : Starting AppStart using Java 17.0.11 with PID 12088 (C:\Users\tj-bu-703-06\IdeaProjects\TJ_2024A_SpringPy\build\classes\java\main started by tj-bu-703-06 in C:\Users\tj-bu-703-06\IdeaProjects\TJ_2024A_SpringPy)
2024-09-03T10:12:34.505+09:00  INFO 12088 --- [main] example.task1.AppStart                   : No active profile set, falling back to 1 default profile: "default"
2024-09-03T10:12:35.936+09:00  INFO 12088 --- [main] o.s.b.w.embedded.tomcat.TomcatWebServer  : Tomcat initialized with port 8080 (http)
2024-09-03T10:12:35.950+09:00  INFO 12088 --- [main] o.apache.catalina.core.StandardService   : Starting service [Tomcat]
2024-09-03T10:12:35.950+09:00  INFO 12088 --- [main] o.apache.catalina.core.StandardEngine    : Starting Servlet engine: [Apache Tomcat/10.1.25]
2024-09-03T10:12:36.029+09:00  INFO 12088 --- [main] o.a.c.c.C.[Tomcat].[localhost].[/]       : Initializing Spring embedded WebApplicationContext
2024-09-03T10:12:36.029+09:00  INFO 12088 --- [main] w.s.c.ServletWebServerApplicationContext : Root WebApplicationContext: initialization completed in 1455 ms
2024-09-03T10:12:36.266+09:00  INFO 12088 --- [main] com.zaxxer.hikari.HikariDataSource       : HikariPool-1 - Starting...
2024-09-03T10:12:36.612+09:00  INFO 12088 --- [main] com.zaxxer.hikari.pool.HikariPool        : HikariPool-1 - Added connection com.mysql.cj.jdbc.ConnectionImpl@47272cd3
2024-09-03T10:12:36.614+09:00  INFO 12088 --- [main] com.zaxxer.hikari.HikariDataSource       : HikariPool-1 - Start completed.
2024-09-03T10:12:37.534+09:00  WARN 12088 --- [main] ion$DefaultTemplateResolverConfiguration : Cannot find template location: classpath:/templates/ (please add some templates, check your Thymeleaf configuration, or set spring.thymeleaf.check-template-location=false)
2024-09-03T10:12:37.636+09:00  INFO 12088 --- [main] o.s.b.w.embedded.tomcat.TomcatWebServer  : Tomcat started on port 8080 (http) with context path ''
2024-09-03T10:12:37.646+09:00  INFO 12088 --- [main] example.task1.AppStart                   : Started AppStart in 3.743 seconds (process running for 4.212)
2024-09-03T10:12:41.694+09:00  INFO 12088 --- [http-nio-8080-exec-1] o.a.c.c.C.[Tomcat].[localhost].[/]       : Initializing Spring DispatcherServlet 'dispatcherServlet'
2024-09-03T10:12:46.805+09:00  INFO 12088 --- [http-nio-8080-exec-4] example.task1.AccountService             : successfully added.
2024-09-03T10:14:09.471+09:00  INFO 11856 --- [main] example.task1.AppStart                   : Starting AppStart using Java 17.0.11 with PID 11856 (C:\Users\tj-bu-703-06\IdeaProjects\TJ_2024A_SpringPy\build\classes\java\main started by tj-bu-703-06 in C:\Users\tj-bu-703-06\IdeaProjects\TJ_2024A_SpringPy)
2024-09-03T10:14:09.474+09:00  INFO 11856 --- [main] example.task1.AppStart                   : No active profile set, falling back to 1 default profile: "default"
2024-09-03T10:14:10.975+09:00  INFO 11856 --- [main] o.s.b.w.embedded.tomcat.TomcatWebServer  : Tomcat initialized with port 8080 (http)
2024-09-03T10:14:10.992+09:00  INFO 11856 --- [main] o.apache.catalina.core.StandardService   : Starting service [Tomcat]
2024-09-03T10:14:10.992+09:00  INFO 11856 --- [main] o.apache.catalina.core.StandardEngine    : Starting Servlet engine: [Apache Tomcat/10.1.25]
2024-09-03T10:14:11.076+09:00  INFO 11856 --- [main] o.a.c.c.C.[Tomcat].[localhost].[/]       : Initializing Spring embedded WebApplicationContext
2024-09-03T10:14:11.077+09:00  INFO 11856 --- [main] w.s.c.ServletWebServerApplicationContext : Root WebApplicationContext: initialization completed in 1534 ms
2024-09-03T10:14:11.282+09:00  INFO 11856 --- [main] com.zaxxer.hikari.HikariDataSource       : HikariPool-1 - Starting...
2024-09-03T10:14:11.644+09:00  INFO 11856 --- [main] com.zaxxer.hikari.pool.HikariPool        : HikariPool-1 - Added connection com.mysql.cj.jdbc.ConnectionImpl@180b3819
2024-09-03T10:14:11.646+09:00  INFO 11856 --- [main] com.zaxxer.hikari.HikariDataSource       : HikariPool-1 - Start completed.
2024-09-03T10:14:12.601+09:00  WARN 11856 --- [main] ion$DefaultTemplateResolverConfiguration : Cannot find template location: classpath:/templates/ (please add some templates, check your Thymeleaf configuration, or set spring.thymeleaf.check-template-location=false)
2024-09-03T10:14:12.722+09:00  INFO 11856 --- [main] o.s.b.w.embedded.tomcat.TomcatWebServer  : Tomcat started on port 8080 (http) with context path ''
2024-09-03T10:14:12.733+09:00  INFO 11856 --- [main] example.task1.AppStart                   : Started AppStart in 3.811 seconds (process running for 4.225)
2024-09-03T10:14:14.306+09:00  INFO 11856 --- [http-nio-8080-exec-1] o.a.c.c.C.[Tomcat].[localhost].[/]       : Initializing Spring DispatcherServlet 'dispatcherServlet'
2024-09-03T10:14:57.020+09:00  INFO 11856 --- [http-nio-8080-exec-6] example.task1.AccountService             : successfully added.
2024-09-03T10:17:00.800+09:00  INFO 7924 --- [main] example.task1.AppStart                   : Starting AppStart using Java 17.0.11 with PID 7924 (C:\Users\tj-bu-703-06\IdeaProjects\TJ_2024A_SpringPy\build\classes\java\main started by tj-bu-703-06 in C:\Users\tj-bu-703-06\IdeaProjects\TJ_2024A_SpringPy)
2024-09-03T10:17:00.810+09:00  INFO 7924 --- [main] example.task1.AppStart                   : No active profile set, falling back to 1 default profile: "default"
2024-09-03T10:17:02.320+09:00  INFO 7924 --- [main] o.s.b.w.embedded.tomcat.TomcatWebServer  : Tomcat initialized with port 8080 (http)
2024-09-03T10:17:02.337+09:00  INFO 7924 --- [main] o.apache.catalina.core.StandardService   : Starting service [Tomcat]
2024-09-03T10:17:02.338+09:00  INFO 7924 --- [main] o.apache.catalina.core.StandardEngine    : Starting Servlet engine: [Apache Tomcat/10.1.25]
2024-09-03T10:17:02.440+09:00  INFO 7924 --- [main] o.a.c.c.C.[Tomcat].[localhost].[/]       : Initializing Spring embedded WebApplicationContext
2024-09-03T10:17:02.441+09:00  INFO 7924 --- [main] w.s.c.ServletWebServerApplicationContext : Root WebApplicationContext: initialization completed in 1559 ms
2024-09-03T10:17:02.665+09:00  INFO 7924 --- [main] com.zaxxer.hikari.HikariDataSource       : HikariPool-1 - Starting...
2024-09-03T10:17:02.995+09:00  INFO 7924 --- [main] com.zaxxer.hikari.pool.HikariPool        : HikariPool-1 - Added connection com.mysql.cj.jdbc.ConnectionImpl@180b3819
2024-09-03T10:17:02.997+09:00  INFO 7924 --- [main] com.zaxxer.hikari.HikariDataSource       : HikariPool-1 - Start completed.
2024-09-03T10:17:03.764+09:00  WARN 7924 --- [main] ion$DefaultTemplateResolverConfiguration : Cannot find template location: classpath:/templates/ (please add some templates, check your Thymeleaf configuration, or set spring.thymeleaf.check-template-location=false)
2024-09-03T10:17:03.890+09:00  INFO 7924 --- [main] o.s.b.w.embedded.tomcat.TomcatWebServer  : Tomcat started on port 8080 (http) with context path ''
2024-09-03T10:17:03.901+09:00  INFO 7924 --- [main] example.task1.AppStart                   : Started AppStart in 3.645 seconds (process running for 4.048)
2024-09-03T10:17:08.463+09:00  INFO 7924 --- [http-nio-8080-exec-1] o.a.c.c.C.[Tomcat].[localhost].[/]       : Initializing Spring DispatcherServlet 'dispatcherServlet'
2024-09-03T10:17:13.595+09:00  INFO 7924 --- [http-nio-8080-exec-4] example.task1.AccountService             : successfully added.
2024-09-03T10:17:30.070+09:00  INFO 7924 --- [http-nio-8080-exec-8] example.task1.AccountService             : successfully added.
2024-09-03T10:17:53.768+09:00  INFO 11340 --- [main] example.task1.AppStart                   : Starting AppStart using Java 17.0.11 with PID 11340 (C:\Users\tj-bu-703-06\IdeaProjects\TJ_2024A_SpringPy\build\classes\java\main started by tj-bu-703-06 in C:\Users\tj-bu-703-06\IdeaProjects\TJ_2024A_SpringPy)
2024-09-03T10:17:53.773+09:00  INFO 11340 --- [main] example.task1.AppStart                   : No active profile set, falling back to 1 default profile: "default"
2024-09-03T10:17:55.242+09:00  INFO 11340 --- [main] o.s.b.w.embedded.tomcat.TomcatWebServer  : Tomcat initialized with port 8080 (http)
2024-09-03T10:17:55.255+09:00  INFO 11340 --- [main] o.apache.catalina.core.StandardService   : Starting service [Tomcat]
2024-09-03T10:17:55.255+09:00  INFO 11340 --- [main] o.apache.catalina.core.StandardEngine    : Starting Servlet engine: [Apache Tomcat/10.1.25]
2024-09-03T10:17:55.332+09:00  INFO 11340 --- [main] o.a.c.c.C.[Tomcat].[localhost].[/]       : Initializing Spring embedded WebApplicationContext
2024-09-03T10:17:55.332+09:00  INFO 11340 --- [main] w.s.c.ServletWebServerApplicationContext : Root WebApplicationContext: initialization completed in 1494 ms
2024-09-03T10:17:55.521+09:00  INFO 11340 --- [main] com.zaxxer.hikari.HikariDataSource       : HikariPool-1 - Starting...
2024-09-03T10:17:55.878+09:00  INFO 11340 --- [main] com.zaxxer.hikari.pool.HikariPool        : HikariPool-1 - Added connection com.mysql.cj.jdbc.ConnectionImpl@180b3819
2024-09-03T10:17:55.880+09:00  INFO 11340 --- [main] com.zaxxer.hikari.HikariDataSource       : HikariPool-1 - Start completed.
2024-09-03T10:17:56.670+09:00  WARN 11340 --- [main] ion$DefaultTemplateResolverConfiguration : Cannot find template location: classpath:/templates/ (please add some templates, check your Thymeleaf configuration, or set spring.thymeleaf.check-template-location=false)
2024-09-03T10:17:56.773+09:00  INFO 11340 --- [main] o.s.b.w.embedded.tomcat.TomcatWebServer  : Tomcat started on port 8080 (http) with context path ''
2024-09-03T10:17:56.782+09:00  INFO 11340 --- [main] example.task1.AppStart                   : Started AppStart in 3.575 seconds (process running for 3.976)
2024-09-03T10:17:59.823+09:00  INFO 11340 --- [http-nio-8080-exec-1] o.a.c.c.C.[Tomcat].[localhost].[/]       : Initializing Spring DispatcherServlet 'dispatcherServlet'
2024-09-03T10:18:06.756+09:00  INFO 11340 --- [http-nio-8080-exec-4] example.task1.AccountService             : successfully added.
2024-09-03T10:19:56.151+09:00  INFO 7468 --- [main] example.task1.AppStart                   : Starting AppStart using Java 17.0.11 with PID 7468 (C:\Users\tj-bu-703-06\IdeaProjects\TJ_2024A_SpringPy\build\classes\java\main started by tj-bu-703-06 in C:\Users\tj-bu-703-06\IdeaProjects\TJ_2024A_SpringPy)
2024-09-03T10:19:56.155+09:00  INFO 7468 --- [main] example.task1.AppStart                   : No active profile set, falling back to 1 default profile: "default"
2024-09-03T10:19:57.584+09:00  INFO 7468 --- [main] o.s.b.w.embedded.tomcat.TomcatWebServer  : Tomcat initialized with port 8080 (http)
2024-09-03T10:19:57.600+09:00  INFO 7468 --- [main] o.apache.catalina.core.StandardService   : Starting service [Tomcat]
2024-09-03T10:19:57.600+09:00  INFO 7468 --- [main] o.apache.catalina.core.StandardEngine    : Starting Servlet engine: [Apache Tomcat/10.1.25]
2024-09-03T10:19:57.680+09:00  INFO 7468 --- [main] o.a.c.c.C.[Tomcat].[localhost].[/]       : Initializing Spring embedded WebApplicationContext
2024-09-03T10:19:57.681+09:00  INFO 7468 --- [main] w.s.c.ServletWebServerApplicationContext : Root WebApplicationContext: initialization completed in 1461 ms
2024-09-03T10:19:57.875+09:00  INFO 7468 --- [main] com.zaxxer.hikari.HikariDataSource       : HikariPool-1 - Starting...
2024-09-03T10:19:58.225+09:00  INFO 7468 --- [main] com.zaxxer.hikari.pool.HikariPool        : HikariPool-1 - Added connection com.mysql.cj.jdbc.ConnectionImpl@47272cd3
2024-09-03T10:19:58.227+09:00  INFO 7468 --- [main] com.zaxxer.hikari.HikariDataSource       : HikariPool-1 - Start completed.
2024-09-03T10:19:58.975+09:00  WARN 7468 --- [main] ion$DefaultTemplateResolverConfiguration : Cannot find template location: classpath:/templates/ (please add some templates, check your Thymeleaf configuration, or set spring.thymeleaf.check-template-location=false)
2024-09-03T10:19:59.081+09:00  INFO 7468 --- [main] o.s.b.w.embedded.tomcat.TomcatWebServer  : Tomcat started on port 8080 (http) with context path ''
2024-09-03T10:19:59.090+09:00  INFO 7468 --- [main] example.task1.AppStart                   : Started AppStart in 3.497 seconds (process running for 3.904)
